Build started 9/8/2014 8:05:18 PM.
     1>Project "C:\Users\user\Desktop\Singapore Polytechnic\Year 2\Semester 1\Data Structures and Algorithms\Electronic Shop\DSALCA2\DSALCA2\DSALCA2.vcxproj" on node 2 (build target(s)).
     1>InitializeBuildStatus:
         Touching "Release\DSALCA2.unsuccessfulbuild".
       ClCompile:
         C:\Program Files (x86)\Microsoft Visual Studio 10.0\VC\bin\CL.exe /c /Zi /nologo /W3 /WX- /O2 /Oi /Oy- /GL /D WIN32 /D NDEBUG /D _CONSOLE /D _UNICODE /D UNICODE /Gm- /EHsc /MD /GS /Gy /fp:precise /Zc:wchar_t /Zc:forScope /Fo"Release\\" /Fd"Release\vc100.pdb" /Gd /TP /analyze- /errorReport:prompt Shop.cpp Shopper.cpp
         Shop.cpp
     1>Shop.cpp(6): warning C4305: 'argument' : truncation from 'double' to 'float'
     1>Shop.cpp(8): warning C4305: 'argument' : truncation from 'double' to 'float'
     1>Shop.cpp(10): warning C4305: 'argument' : truncation from 'double' to 'float'
     1>Shop.cpp(128): error C2665: 'Games::Games' : none of the 3 overloads could convert all the argument types
                 c:\users\user\desktop\singapore polytechnic\year 2\semester 1\data structures and algorithms\electronic shop\dsalca2\dsalca2\Games.h(8): could be 'Games::Games(std::string,std::string,std::string,std::string,std::string,int,int,int,int,int,int,float,std::string)'
                 while trying to match the argument list '(std::string, std::string, std::string, std::string, std::string, int, int, int, int, int, int, int, float)'
     1>Shop.cpp(142): error C2143: syntax error : missing ';' before '<<'
     1>Shop.cpp(145): error C2143: syntax error : missing ';' before '=='
     1>Shop.cpp(148): error C2143: syntax error : missing ';' before '>>'
         Shopper.cpp
     1>Shopper.cpp(71): error C2143: syntax error : missing ';' before '<<'
     1>Shopper.cpp(90): error C2601: 'Shopper::cartActions' : local function definitions are illegal
                 Shopper.cpp(68): this line contains a '{' which has not yet been matched
     1>Shopper.cpp(159): error C2601: 'Shopper::checkOut' : local function definitions are illegal
                 Shopper.cpp(68): this line contains a '{' which has not yet been matched
     1>Shopper.cpp(198): error C2601: 'Shopper::calculateTotal' : local function definitions are illegal
                 Shopper.cpp(68): this line contains a '{' which has not yet been matched
     1>Shopper.cpp(209): error C2601: 'Shopper::getTotal' : local function definitions are illegal
                 Shopper.cpp(68): this line contains a '{' which has not yet been matched
     1>Shopper.cpp(218): error C2601: 'Shopper::shopperMainMenu' : local function definitions are illegal
                 Shopper.cpp(68): this line contains a '{' which has not yet been matched
     1>Shopper.cpp(256): error C2601: 'Shopper::addItemToCartPrint' : local function definitions are illegal
                 Shopper.cpp(68): this line contains a '{' which has not yet been matched
     1>Shopper.cpp(305): error C2601: 'Shopper::viewGames' : local function definitions are illegal
                 Shopper.cpp(68): this line contains a '{' which has not yet been matched
     1>Shopper.cpp(311): error C2601: 'Shopper::viewGames' : local function definitions are illegal
                 Shopper.cpp(68): this line contains a '{' which has not yet been matched
     1>Shopper.cpp(357): error C2143: syntax error : missing ';' before '=='
     1>Shopper.cpp(357): error C2761: 'searchGames' : member function redeclaration not allowed
     1>Shopper.cpp(359): error C2143: syntax error : missing ';' before '{'
     1>Shopper.cpp(385): error C2065: 'inGames' : undeclared identifier
     1>Shopper.cpp(385): error C2227: left of '->begin' must point to class/struct/union/generic type
                 type is ''unknown-type''
     1>Shopper.cpp(386): error C2065: 'inGames' : undeclared identifier
     1>Shopper.cpp(386): error C2227: left of '->end' must point to class/struct/union/generic type
                 type is ''unknown-type''
     1>Shopper.cpp(390): error C2374: 'GameItor' : redefinition; multiple initialization
                 Shopper.cpp(385) : see declaration of 'GameItor'
     1>Shopper.cpp(390): error C2065: 'inGames' : undeclared identifier
     1>Shopper.cpp(390): error C2228: left of '.begin' must have class/struct/union
                 type is ''unknown-type''
     1>Shopper.cpp(391): error C2374: 'GameEndItor' : redefinition; multiple initialization
                 Shopper.cpp(386) : see declaration of 'GameEndItor'
     1>Shopper.cpp(391): error C2065: 'inGames' : undeclared identifier
     1>Shopper.cpp(391): error C2228: left of '.end' must have class/struct/union
                 type is ''unknown-type''
     1>Shopper.cpp(398): error C2088: '!=' : illegal for class
     1>Shopper.cpp(398): error C2088: '++' : illegal for class
     1>Shopper.cpp(401): error C2039: 'getPublisher' : is not a member of 'std::_List_iterator<_Mylist>'
                 with
                 [
                     _Mylist=std::_List_val<Games,std::allocator<Games>>
                 ]
     1>Shopper.cpp(404): error C2039: 'printProdInfo' : is not a member of 'std::_List_iterator<_Mylist>'
                 with
                 [
                     _Mylist=std::_List_val<Games,std::allocator<Games>>
                 ]
     1>Shopper.cpp(413): error C2088: '!=' : illegal for class
     1>Shopper.cpp(413): error C2088: '++' : illegal for class
     1>Shopper.cpp(415): error C2039: 'getDeveloper' : is not a member of 'std::_List_iterator<_Mylist>'
                 with
                 [
                     _Mylist=std::_List_val<Games,std::allocator<Games>>
                 ]
     1>Shopper.cpp(418): error C2039: 'printProdInfo' : is not a member of 'std::_List_iterator<_Mylist>'
                 with
                 [
                     _Mylist=std::_List_val<Games,std::allocator<Games>>
                 ]
     1>Shopper.cpp(427): error C2088: '!=' : illegal for class
     1>Shopper.cpp(427): error C2088: '++' : illegal for class
     1>Shopper.cpp(429): error C2039: 'getYear' : is not a member of 'std::_List_iterator<_Mylist>'
                 with
                 [
                     _Mylist=std::_List_val<Games,std::allocator<Games>>
                 ]
     1>Shopper.cpp(432): error C2039: 'printProdInfo' : is not a member of 'std::_List_iterator<_Mylist>'
                 with
                 [
                     _Mylist=std::_List_val<Games,std::allocator<Games>>
                 ]
     1>Shopper.cpp(438): error C2065: 'inGames' : undeclared identifier
     1>Shopper.cpp(442): error C2601: 'Shopper::exitStore' : local function definitions are illegal
                 Shopper.cpp(68): this line contains a '{' which has not yet been matched
     1>Shopper.cpp(470): fatal error C1075: end of file found before the left brace '{' at 'Shopper.cpp(68)' was matched
     1>Done Building Project "C:\Users\user\Desktop\Singapore Polytechnic\Year 2\Semester 1\Data Structures and Algorithms\Electronic Shop\DSALCA2\DSALCA2\DSALCA2.vcxproj" (build target(s)) -- FAILED.

Build FAILED.

Time Elapsed 00:00:01.80
