<<<<<<< HEAD
﻿Build started 9/8/2014 3:50:09 PM.
     1>Project "C:\Users\user\Desktop\Singapore Polytechnic\Year 2\Semester 1\Data Structures and Algorithms\Electronic Shop\DSALCA2\DSALCA2\DSALCA2.vcxproj" on node 2 (build target(s)).
=======
﻿Build started 8/8/2014 8:52:52 PM.
     1>Project "C:\Users\user\Desktop\Copies\DSAL\DSALCA2\DSALCA2\DSALCA2.vcxproj" on node 2 (build target(s)).
>>>>>>> c07b03107e0e0089b98d6ffbc0029dd2330f516a
     1>InitializeBuildStatus:
         Touching "Debug\DSALCA2.unsuccessfulbuild".
       ClCompile:
<<<<<<< HEAD
         C:\Program Files (x86)\Microsoft Visual Studio 10.0\VC\bin\CL.exe /c /Zi /nologo /W3 /WX- /Od /Oy- /D WIN32 /D _DEBUG /D _CONSOLE /D _UNICODE /D UNICODE /Gm /EHsc /RTC1 /MDd /GS /fp:precise /Zc:wchar_t /Zc:forScope /Fo"Debug\\" /Fd"Debug\vc100.pdb" /Gd /TP /analyze- /errorReport:prompt Shopper.cpp
         Shopper.cpp
=======
         e:\Program Files (x86)\Microsoft Visual Studio 10.0\VC\bin\CL.exe /c /Zi /nologo /W3 /WX- /Od /Oy- /D WIN32 /D _DEBUG /D _CONSOLE /D _UNICODE /D UNICODE /Gm /EHsc /RTC1 /MDd /GS /fp:precise /Zc:wchar_t /Zc:forScope /Fo"Debug\\" /Fd"Debug\vc100.pdb" /Gd /TP /analyze- /errorReport:prompt Shop.cpp
         Shop.cpp
     1>Shop.cpp(117): warning C4244: 'argument' : conversion from 'float' to 'int', possible loss of data
     1>Shop.cpp(117): warning C4244: 'argument' : conversion from 'int' to 'float', possible loss of data
>>>>>>> c07b03107e0e0089b98d6ffbc0029dd2330f516a
         All outputs are up-to-date.
       ManifestResourceCompile:
         All outputs are up-to-date.
       Link:
         e:\Program Files (x86)\Microsoft Visual Studio 10.0\VC\bin\link.exe /ERRORREPORT:PROMPT /OUT:"C:\Users\user\Desktop\Copies\DSAL\DSALCA2\Debug\DSALCA2.exe" /INCREMENTAL /NOLOGO kernel32.lib user32.lib gdi32.lib winspool.lib comdlg32.lib advapi32.lib shell32.lib ole32.lib oleaut32.lib uuid.lib odbc32.lib odbccp32.lib /MANIFEST /ManifestFile:"Debug\DSALCA2.exe.intermediate.manifest" /MANIFESTUAC:"level='asInvoker' uiAccess='false'" /DEBUG /PDB:"C:\Users\user\Desktop\Copies\DSAL\DSALCA2\Debug\DSALCA2.pdb" /SUBSYSTEM:CONSOLE /TLBID:1 /DYNAMICBASE /NXCOMPAT /IMPLIB:"C:\Users\user\Desktop\Copies\DSAL\DSALCA2\Debug\DSALCA2.lib" /MACHINE:X86 Debug\DSALCA2.exe.embed.manifest.res
         Debug\Games.obj
         Debug\main.obj
         Debug\Product.obj
         Debug\Shop.obj
         Debug\Shopper.obj
         Debug\User.obj
<<<<<<< HEAD
     1>LINK : fatal error LNK1104: cannot open file 'C:\Users\user\Desktop\Singapore Polytechnic\Year 2\Semester 1\Data Structures and Algorithms\Electronic Shop\DSALCA2\Debug\DSALCA2.exe'
     1>Done Building Project "C:\Users\user\Desktop\Singapore Polytechnic\Year 2\Semester 1\Data Structures and Algorithms\Electronic Shop\DSALCA2\DSALCA2\DSALCA2.vcxproj" (build target(s)) -- FAILED.
=======
       Manifest:
         C:\Program Files (x86)\Microsoft SDKs\Windows\v7.0A\bin\mt.exe /nologo /verbose /out:"Debug\DSALCA2.exe.embed.manifest" /manifest Debug\DSALCA2.exe.intermediate.manifest
         All outputs are up-to-date.
       LinkEmbedManifest:
         All outputs are up-to-date.
         DSALCA2.vcxproj -> C:\Users\user\Desktop\Copies\DSAL\DSALCA2\Debug\DSALCA2.exe
       FinalizeBuildStatus:
         Deleting file "Debug\DSALCA2.unsuccessfulbuild".
         Touching "Debug\DSALCA2.lastbuildstate".
     1>Done Building Project "C:\Users\user\Desktop\Copies\DSAL\DSALCA2\DSALCA2\DSALCA2.vcxproj" (build target(s)).
>>>>>>> c07b03107e0e0089b98d6ffbc0029dd2330f516a

Build FAILED.

<<<<<<< HEAD
Time Elapsed 00:00:01.24
=======
Time Elapsed 00:00:00.73
>>>>>>> c07b03107e0e0089b98d6ffbc0029dd2330f516a
